Flow report for numfinal
Wed Feb 15 23:56:11 2023
Quartus II Version 9.1 Build 350 03/24/2010 Service Pack 2 SJ Web Edition


---------------------
; Table of Contents ;
---------------------
  1. Legal Notice
  2. Flow Summary
  3. Flow Settings
  4. Flow Non-Default Global Settings
  5. Flow Elapsed Time
  6. Flow OS Summary
  7. Flow Log



----------------
; Legal Notice ;
----------------
Copyright (C) 1991-2010 Altera Corporation
Your use of Altera Corporation's design tools, logic functions 
and other software and tools, and its AMPP partner logic 
functions, and any output files from any of the foregoing 
(including device programming or simulation files), and any 
associated documentation or information are expressly subject 
to the terms and conditions of the Altera Program License 
Subscription Agreement, Altera MegaCore Function License 
Agreement, or other applicable license agreement, including, 
without limitation, that your use is for the sole purpose of 
programming logic devices manufactured by Altera and sold by 
Altera or its authorized distributors.  Please refer to the 
applicable agreement for further details.



+-------------------------------------------------------------------------------+
; Flow Summary                                                                  ;
+--------------------------------+----------------------------------------------+
; Flow Status                    ; Successful - Wed Feb 15 23:56:10 2023        ;
; Quartus II Version             ; 9.1 Build 350 03/24/2010 SP 2 SJ Web Edition ;
; Revision Name                  ; numfinal                                     ;
; Top-level Entity Name          ; numfinal                                     ;
; Family                         ; Arria GX                                     ;
; Met timing requirements        ; N/A                                          ;
; Logic utilization              ; < 1 %                                        ;
;     Combinational ALUTs        ; 15 / 17,264 ( < 1 % )                        ;
;     Dedicated logic registers  ; 13 / 17,264 ( < 1 % )                        ;
; Total registers                ; 13                                           ;
; Total pins                     ; 22 / 255 ( 9 % )                             ;
; Total virtual pins             ; 0                                            ;
; Total block memory bits        ; 0 / 1,229,184 ( 0 % )                        ;
; DSP block 9-bit elements       ; 0 / 80 ( 0 % )                               ;
; Total GXB Receiver Channels    ; 0 / 4 ( 0 % )                                ;
; Total GXB Transmitter Channels ; 0 / 4 ( 0 % )                                ;
; Total PLLs                     ; 0 / 4 ( 0 % )                                ;
; Total DLLs                     ; 0 / 2 ( 0 % )                                ;
; Device                         ; EP1AGX20CF484C6                              ;
; Timing Models                  ; Final                                        ;
+--------------------------------+----------------------------------------------+


+-----------------------------------------+
; Flow Settings                           ;
+-------------------+---------------------+
; Option            ; Setting             ;
+-------------------+---------------------+
; Start date & time ; 02/15/2023 23:56:03 ;
; Main task         ; Compilation         ;
; Revision Name     ; numfinal            ;
+-------------------+---------------------+


+--------------------------------------------------------------------------------------------------------------------+
; Flow Non-Default Global Settings                                                                                   ;
+------------------------------------+--------------------------------+---------------+-------------+----------------+
; Assignment Name                    ; Value                          ; Default Value ; Entity Name ; Section Id     ;
+------------------------------------+--------------------------------+---------------+-------------+----------------+
; COMPILER_SIGNATURE_ID              ; 62619201197436.167649816303328 ; --            ; --          ; --             ;
; PARTITION_COLOR                    ; 16764057                       ; --            ; --          ; Top            ;
; PARTITION_NETLIST_TYPE             ; SOURCE                         ; --            ; --          ; Top            ;
; USE_GENERATED_PHYSICAL_CONSTRAINTS ; Off                            ; --            ; --          ; eda_blast_fpga ;
+------------------------------------+--------------------------------+---------------+-------------+----------------+


+-------------------------------------------------------------------------------------------------------------------------------+
; Flow Elapsed Time                                                                                                             ;
+---------------------------+--------------+-------------------------+---------------------+------------------------------------+
; Module Name               ; Elapsed Time ; Average Processors Used ; Peak Virtual Memory ; Total CPU Time (on all processors) ;
+---------------------------+--------------+-------------------------+---------------------+------------------------------------+
; Analysis & Synthesis      ; 00:00:01     ; 1.0                     ; 225 MB              ; 00:00:01                           ;
; Fitter                    ; 00:00:04     ; 1.0                     ; 350 MB              ; 00:00:05                           ;
; Assembler                 ; 00:00:01     ; 1.0                     ; 285 MB              ; 00:00:02                           ;
; TimeQuest Timing Analyzer ; 00:00:01     ; 1.0                     ; 261 MB              ; 00:00:01                           ;
; Total                     ; 00:00:06     ; --                      ; --                  ; 00:00:08                           ;
+---------------------------+--------------+-------------------------+---------------------+------------------------------------+


+--------------------------------------------------------------------------------------------+
; Flow OS Summary                                                                            ;
+---------------------------+------------------+---------------+------------+----------------+
; Module Name               ; Machine Hostname ; OS Name       ; OS Version ; Processor type ;
+---------------------------+------------------+---------------+------------+----------------+
; Analysis & Synthesis      ; DESKTOP-AQMRE9O  ; Windows Vista ; 6.2        ; x86_64         ;
; Fitter                    ; DESKTOP-AQMRE9O  ; Windows Vista ; 6.2        ; x86_64         ;
; TimeQuest Timing Analyzer ; DESKTOP-AQMRE9O  ; Windows Vista ; 6.2        ; x86_64         ;
; Assembler                 ; DESKTOP-AQMRE9O  ; Windows Vista ; 6.2        ; x86_64         ;
+---------------------------+------------------+---------------+------------+----------------+


------------
; Flow Log ;
------------
quartus_map --read_settings_files=on --write_settings_files=off numfinal -c numfinal
quartus_fit --read_settings_files=off --write_settings_files=off numfinal -c numfinal
quartus_sta numfinal -c numfinal
quartus_asm --read_settings_files=off --write_settings_files=off numfinal -c numfinal



