Flow report for AfisareMux
Thu Feb 16 09:07:37 2023
Quartus II Version 9.1 Build 350 03/24/2010 Service Pack 2 SJ Web Edition


---------------------
; Table of Contents ;
---------------------
  1. Legal Notice
  2. Flow Summary
  3. Flow Settings
  4. Flow Non-Default Global Settings
  5. Flow Elapsed Time
  6. Flow OS Summary
  7. Flow Log



----------------
; Legal Notice ;
----------------
Copyright (C) 1991-2010 Altera Corporation
Your use of Altera Corporation's design tools, logic functions 
and other software and tools, and its AMPP partner logic 
functions, and any output files from any of the foregoing 
(including device programming or simulation files), and any 
associated documentation or information are expressly subject 
to the terms and conditions of the Altera Program License 
Subscription Agreement, Altera MegaCore Function License 
Agreement, or other applicable license agreement, including, 
without limitation, that your use is for the sole purpose of 
programming logic devices manufactured by Altera and sold by 
Altera or its authorized distributors.  Please refer to the 
applicable agreement for further details.



+-------------------------------------------------------------------------------+
; Flow Summary                                                                  ;
+--------------------------------+----------------------------------------------+
; Flow Status                    ; Successful - Thu Feb 16 09:07:37 2023        ;
; Quartus II Version             ; 9.1 Build 350 03/24/2010 SP 2 SJ Web Edition ;
; Revision Name                  ; AfisareMux                                   ;
; Top-level Entity Name          ; AfisareMux                                   ;
; Family                         ; Arria GX                                     ;
; Met timing requirements        ; N/A                                          ;
; Logic utilization              ; < 1 %                                        ;
;     Combinational ALUTs        ; 27 / 17,264 ( < 1 % )                        ;
;     Dedicated logic registers  ; 3 / 17,264 ( < 1 % )                         ;
; Total registers                ; 3                                            ;
; Total pins                     ; 35 / 255 ( 14 % )                            ;
; Total virtual pins             ; 0                                            ;
; Total block memory bits        ; 0 / 1,229,184 ( 0 % )                        ;
; DSP block 9-bit elements       ; 0 / 80 ( 0 % )                               ;
; Total GXB Receiver Channels    ; 0 / 4 ( 0 % )                                ;
; Total GXB Transmitter Channels ; 0 / 4 ( 0 % )                                ;
; Total PLLs                     ; 0 / 4 ( 0 % )                                ;
; Total DLLs                     ; 0 / 2 ( 0 % )                                ;
; Device                         ; EP1AGX20CF484C6                              ;
; Timing Models                  ; Final                                        ;
+--------------------------------+----------------------------------------------+


+-----------------------------------------+
; Flow Settings                           ;
+-------------------+---------------------+
; Option            ; Setting             ;
+-------------------+---------------------+
; Start date & time ; 02/16/2023 09:07:30 ;
; Main task         ; Compilation         ;
; Revision Name     ; AfisareMux          ;
+-------------------+---------------------+


+-------------------------------------------------------------------------------------------------------------------+
; Flow Non-Default Global Settings                                                                                  ;
+------------------------------------+-------------------------------+---------------+-------------+----------------+
; Assignment Name                    ; Value                         ; Default Value ; Entity Name ; Section Id     ;
+------------------------------------+-------------------------------+---------------+-------------+----------------+
; COMPILER_SIGNATURE_ID              ; 4681964695411.167653125026448 ; --            ; --          ; --             ;
; EDA_OUTPUT_DATA_FORMAT             ; Vhdl                          ; --            ; --          ; eda_simulation ;
; EDA_SIMULATION_TOOL                ; ModelSim-Altera (VHDL)        ; <None>        ; --          ; --             ;
; PARTITION_COLOR                    ; 16764057                      ; --            ; --          ; Top            ;
; PARTITION_NETLIST_TYPE             ; SOURCE                        ; --            ; --          ; Top            ;
; USE_GENERATED_PHYSICAL_CONSTRAINTS ; Off                           ; --            ; --          ; eda_blast_fpga ;
+------------------------------------+-------------------------------+---------------+-------------+----------------+


+-------------------------------------------------------------------------------------------------------------------------------+
; Flow Elapsed Time                                                                                                             ;
+---------------------------+--------------+-------------------------+---------------------+------------------------------------+
; Module Name               ; Elapsed Time ; Average Processors Used ; Peak Virtual Memory ; Total CPU Time (on all processors) ;
+---------------------------+--------------+-------------------------+---------------------+------------------------------------+
; Analysis & Synthesis      ; 00:00:00     ; 1.0                     ; 223 MB              ; 00:00:00                           ;
; Fitter                    ; 00:00:03     ; 1.0                     ; 330 MB              ; 00:00:03                           ;
; Assembler                 ; 00:00:01     ; 1.0                     ; 273 MB              ; 00:00:01                           ;
; TimeQuest Timing Analyzer ; 00:00:00     ; 1.0                     ; 242 MB              ; 00:00:00                           ;
; EDA Netlist Writer        ; 00:00:00     ; 1.0                     ; 176 MB              ; 00:00:00                           ;
; Total                     ; 00:00:04     ; --                      ; --                  ; 00:00:04                           ;
+---------------------------+--------------+-------------------------+---------------------+------------------------------------+


+--------------------------------------------------------------------------------------------+
; Flow OS Summary                                                                            ;
+---------------------------+------------------+---------------+------------+----------------+
; Module Name               ; Machine Hostname ; OS Name       ; OS Version ; Processor type ;
+---------------------------+------------------+---------------+------------+----------------+
; Analysis & Synthesis      ; DESKTOP-5A42HGM  ; Windows Vista ; 6.2        ; x86_64         ;
; Fitter                    ; DESKTOP-5A42HGM  ; Windows Vista ; 6.2        ; x86_64         ;
; TimeQuest Timing Analyzer ; DESKTOP-5A42HGM  ; Windows Vista ; 6.2        ; x86_64         ;
; Assembler                 ; DESKTOP-5A42HGM  ; Windows Vista ; 6.2        ; x86_64         ;
; EDA Netlist Writer        ; DESKTOP-5A42HGM  ; Windows Vista ; 6.2        ; x86_64         ;
+---------------------------+------------------+---------------+------------+----------------+


------------
; Flow Log ;
------------
quartus_map --read_settings_files=on --write_settings_files=off AfisareMux -c AfisareMux
quartus_fit --read_settings_files=off --write_settings_files=off AfisareMux -c AfisareMux
quartus_sta AfisareMux -c AfisareMux
quartus_asm --read_settings_files=off --write_settings_files=off AfisareMux -c AfisareMux
quartus_eda --read_settings_files=off --write_settings_files=off AfisareMux -c AfisareMux



