Flow report for CRONOMETRUINVERS
Tue May 21 09:29:49 2024
Quartus Prime Version 23.1std.0 Build 991 11/28/2023 SC Standard Edition


---------------------
; Table of Contents ;
---------------------
  1. Legal Notice
  2. Flow Summary
  3. Flow Settings
  4. Flow Non-Default Global Settings
  5. Flow Elapsed Time
  6. Flow OS Summary
  7. Flow Log
  8. Flow Messages
  9. Flow Suppressed Messages



----------------
; Legal Notice ;
----------------
Copyright (C) 2023  Intel Corporation. All rights reserved.
Your use of Intel Corporation's design tools, logic functions 
and other software and tools, and any partner logic 
functions, and any output files from any of the foregoing 
(including device programming or simulation files), and any 
associated documentation or information are expressly subject 
to the terms and conditions of the Intel Program License 
Subscription Agreement, the Intel Quartus Prime License Agreement,
the Intel FPGA IP License Agreement, or other applicable license
agreement, including, without limitation, that your use is for
the sole purpose of programming logic devices manufactured by
Intel and sold by Intel or its authorized distributors.  Please
refer to the applicable agreement for further details, at
https://fpgasoftware.intel.com/eula.



+-----------------------------------------------------------------------------------------+
; Flow Summary                                                                            ;
+------------------------------------+----------------------------------------------------+
; Flow Status                        ; Successful - Tue May 21 09:29:49 2024              ;
; Quartus Prime Version              ; 23.1std.0 Build 991 11/28/2023 SC Standard Edition ;
; Revision Name                      ; CRONOMETRUINVERS                                   ;
; Top-level Entity Name              ; CRONOMETRUINVERS                                   ;
; Family                             ; Cyclone IV E                                       ;
; Total logic elements               ; 67 / 6,272 ( 1 % )                                 ;
;     Total combinational functions  ; 66 / 6,272 ( 1 % )                                 ;
;     Dedicated logic registers      ; 21 / 6,272 ( < 1 % )                               ;
; Total registers                    ; 21                                                 ;
; Total pins                         ; 38 / 92 ( 41 % )                                   ;
; Total virtual pins                 ; 0                                                  ;
; Total memory bits                  ; 0 / 276,480 ( 0 % )                                ;
; Embedded Multiplier 9-bit elements ; 0 / 30 ( 0 % )                                     ;
; Total PLLs                         ; 0 / 2 ( 0 % )                                      ;
; Device                             ; EP4CE6E22C6                                        ;
; Timing Models                      ; Final                                              ;
+------------------------------------+----------------------------------------------------+


+-----------------------------------------+
; Flow Settings                           ;
+-------------------+---------------------+
; Option            ; Setting             ;
+-------------------+---------------------+
; Start date & time ; 05/21/2024 09:28:35 ;
; Main task         ; Compilation         ;
; Revision Name     ; CRONOMETRUINVERS    ;
+-------------------+---------------------+


+--------------------------------------------------------------------------------------------------------------------------------------+
; Flow Non-Default Global Settings                                                                                                     ;
+-------------------------------------+----------------------------------------+---------------+-------------+-------------------------+
; Assignment Name                     ; Value                                  ; Default Value ; Entity Name ; Section Id              ;
+-------------------------------------+----------------------------------------+---------------+-------------+-------------------------+
; COMPILER_SIGNATURE_ID               ; 59850978890797.171627291514120         ; --            ; --          ; --                      ;
; EDA_GENERATE_FUNCTIONAL_NETLIST     ; Off                                    ; --            ; --          ; eda_formal_verification ;
; PARTITION_COLOR                     ; -- (Not supported for targeted family) ; --            ; --          ; Top                     ;
; PARTITION_FITTER_PRESERVATION_LEVEL ; -- (Not supported for targeted family) ; --            ; --          ; Top                     ;
; PARTITION_NETLIST_TYPE              ; -- (Not supported for targeted family) ; --            ; --          ; Top                     ;
; PROJECT_OUTPUT_DIRECTORY            ; output_files                           ; --            ; --          ; --                      ;
; TIMING_ANALYZER_DO_CCPP_REMOVAL     ; Off                                    ; On            ; --          ; --                      ;
+-------------------------------------+----------------------------------------+---------------+-------------+-------------------------+


+--------------------------------------------------------------------------------------------------------------------------+
; Flow Elapsed Time                                                                                                        ;
+----------------------+--------------+-------------------------+---------------------+------------------------------------+
; Module Name          ; Elapsed Time ; Average Processors Used ; Peak Virtual Memory ; Total CPU Time (on all processors) ;
+----------------------+--------------+-------------------------+---------------------+------------------------------------+
; Analysis & Synthesis ; 00:00:10     ; 1.0                     ; 4785 MB             ; 00:00:12                           ;
; Fitter               ; 00:00:07     ; 1.0                     ; 5630 MB             ; 00:00:03                           ;
; Assembler            ; 00:00:01     ; 1.0                     ; 4669 MB             ; 00:00:00                           ;
; Timing Analyzer      ; 00:00:02     ; 1.0                     ; 4799 MB             ; 00:00:01                           ;
; EDA Netlist Writer   ; 00:00:00     ; 1.0                     ; 4638 MB             ; 00:00:00                           ;
; EDA Netlist Writer   ; 00:00:00     ; 1.0                     ; 4638 MB             ; 00:00:00                           ;
; Total                ; 00:00:20     ; --                      ; --                  ; 00:00:16                           ;
+----------------------+--------------+-------------------------+---------------------+------------------------------------+


+------------------------------------------------------------------------------------+
; Flow OS Summary                                                                    ;
+----------------------+------------------+------------+------------+----------------+
; Module Name          ; Machine Hostname ; OS Name    ; OS Version ; Processor type ;
+----------------------+------------------+------------+------------+----------------+
; Analysis & Synthesis ; DESKTOP-UILFGF0  ; Windows 10 ; 10.0       ; x86_64         ;
; Fitter               ; DESKTOP-UILFGF0  ; Windows 10 ; 10.0       ; x86_64         ;
; Assembler            ; DESKTOP-UILFGF0  ; Windows 10 ; 10.0       ; x86_64         ;
; Timing Analyzer      ; DESKTOP-UILFGF0  ; Windows 10 ; 10.0       ; x86_64         ;
; EDA Netlist Writer   ; DESKTOP-UILFGF0  ; Windows 10 ; 10.0       ; x86_64         ;
; EDA Netlist Writer   ; DESKTOP-UILFGF0  ; Windows 10 ; 10.0       ; x86_64         ;
+----------------------+------------------+------------+------------+----------------+


------------
; Flow Log ;
------------
quartus_map --read_settings_files=on --write_settings_files=off CRONOMETRUINVERS -c CRONOMETRUINVERS
quartus_fit --read_settings_files=off --write_settings_files=off CRONOMETRUINVERS -c CRONOMETRUINVERS
quartus_asm --read_settings_files=off --write_settings_files=off CRONOMETRUINVERS -c CRONOMETRUINVERS
quartus_sta CRONOMETRUINVERS -c CRONOMETRUINVERS
quartus_eda --gen_testbench --tool=modelsim_oem --format=verilog --write_settings_files=off CRONOMETRUINVERS -c CRONOMETRUINVERS --vector_source=D:/FACULTATE/cncn/FarcasAdrianProiectCn/final.vwf --testbench_file=D:/FACULTATE/cncn/FarcasAdrianProiectCn/simulation/qsim/final.vwf.vt
quartus_eda --write_settings_files=off --simulation=on --functional=on --flatten_buses=off --tool=modelsim_oem --format=verilog --output_directory=D:/FACULTATE/cncn/FarcasAdrianProiectCn/simulation/qsim/ CRONOMETRUINVERS -c CRONOMETRUINVERS



