Analysis & Synthesis report for CRONOMETRUINVERS
Tue May 21 09:28:45 2024
Quartus Prime Version 23.1std.0 Build 991 11/28/2023 SC Standard Edition


---------------------
; Table of Contents ;
---------------------
  1. Legal Notice
  2. Analysis & Synthesis Summary
  3. Analysis & Synthesis Settings
  4. Parallel Compilation
  5. Analysis & Synthesis Source Files Read
  6. Analysis & Synthesis Resource Usage Summary
  7. Analysis & Synthesis Resource Utilization by Entity
  8. General Register Statistics
  9. Multiplexer Restructuring Statistics (Restructuring Performed)
 10. Parameter Settings for User Entity Instance: AfisareMux:inst3|81mux:inst
 11. Parameter Settings for User Entity Instance: AfisareMux:inst3|81mux:inst1
 12. Parameter Settings for User Entity Instance: AfisareMux:inst3|81mux:inst2
 13. Parameter Settings for User Entity Instance: AfisareMux:inst3|81mux:inst3
 14. Post-Synthesis Netlist Statistics for Top Partition
 15. Elapsed Time Per Partition
 16. Analysis & Synthesis Messages



----------------
; Legal Notice ;
----------------
Copyright (C) 2023  Intel Corporation. All rights reserved.
Your use of Intel Corporation's design tools, logic functions 
and other software and tools, and any partner logic 
functions, and any output files from any of the foregoing 
(including device programming or simulation files), and any 
associated documentation or information are expressly subject 
to the terms and conditions of the Intel Program License 
Subscription Agreement, the Intel Quartus Prime License Agreement,
the Intel FPGA IP License Agreement, or other applicable license
agreement, including, without limitation, that your use is for
the sole purpose of programming logic devices manufactured by
Intel and sold by Intel or its authorized distributors.  Please
refer to the applicable agreement for further details, at
https://fpgasoftware.intel.com/eula.



+-----------------------------------------------------------------------------------------+
; Analysis & Synthesis Summary                                                            ;
+------------------------------------+----------------------------------------------------+
; Analysis & Synthesis Status        ; Successful - Tue May 21 09:28:45 2024              ;
; Quartus Prime Version              ; 23.1std.0 Build 991 11/28/2023 SC Standard Edition ;
; Revision Name                      ; CRONOMETRUINVERS                                   ;
; Top-level Entity Name              ; CRONOMETRUINVERS                                   ;
; Family                             ; Cyclone IV E                                       ;
; Total logic elements               ; 66                                                 ;
;     Total combinational functions  ; 66                                                 ;
;     Dedicated logic registers      ; 21                                                 ;
; Total registers                    ; 21                                                 ;
; Total pins                         ; 38                                                 ;
; Total virtual pins                 ; 0                                                  ;
; Total memory bits                  ; 0                                                  ;
; Embedded Multiplier 9-bit elements ; 0                                                  ;
; Total PLLs                         ; 0                                                  ;
+------------------------------------+----------------------------------------------------+


+------------------------------------------------------------------------------------------------------------+
; Analysis & Synthesis Settings                                                                              ;
+------------------------------------------------------------------+--------------------+--------------------+
; Option                                                           ; Setting            ; Default Value      ;
+------------------------------------------------------------------+--------------------+--------------------+
; Top-level entity name                                            ; CRONOMETRUINVERS   ; CRONOMETRUINVERS   ;
; Family name                                                      ; Cyclone IV E       ; Cyclone IV GX      ;
; Use smart compilation                                            ; Off                ; Off                ;
; Enable parallel Assembler and Timing Analyzer during compilation ; On                 ; On                 ;
; Enable compact report table                                      ; Off                ; Off                ;
; Restructure Multiplexers                                         ; Auto               ; Auto               ;
; Create Debugging Nodes for IP Cores                              ; Off                ; Off                ;
; Preserve fewer node names                                        ; On                 ; On                 ;
; Intel FPGA IP Evaluation Mode                                    ; Enable             ; Enable             ;
; Verilog Version                                                  ; Verilog_2001       ; Verilog_2001       ;
; VHDL Version                                                     ; VHDL_1993          ; VHDL_1993          ;
; State Machine Processing                                         ; Auto               ; Auto               ;
; Safe State Machine                                               ; Off                ; Off                ;
; Extract Verilog State Machines                                   ; On                 ; On                 ;
; Extract VHDL State Machines                                      ; On                 ; On                 ;
; Ignore Verilog initial constructs                                ; Off                ; Off                ;
; Iteration limit for constant Verilog loops                       ; 5000               ; 5000               ;
; Iteration limit for non-constant Verilog loops                   ; 250                ; 250                ;
; Add Pass-Through Logic to Inferred RAMs                          ; On                 ; On                 ;
; Infer RAMs from Raw Logic                                        ; On                 ; On                 ;
; Parallel Synthesis                                               ; On                 ; On                 ;
; DSP Block Balancing                                              ; Auto               ; Auto               ;
; NOT Gate Push-Back                                               ; On                 ; On                 ;
; Power-Up Don't Care                                              ; On                 ; On                 ;
; Remove Redundant Logic Cells                                     ; Off                ; Off                ;
; Remove Duplicate Registers                                       ; On                 ; On                 ;
; Ignore CARRY Buffers                                             ; Off                ; Off                ;
; Ignore CASCADE Buffers                                           ; Off                ; Off                ;
; Ignore GLOBAL Buffers                                            ; Off                ; Off                ;
; Ignore ROW GLOBAL Buffers                                        ; Off                ; Off                ;
; Ignore LCELL Buffers                                             ; Off                ; Off                ;
; Ignore SOFT Buffers                                              ; On                 ; On                 ;
; Limit AHDL Integers to 32 Bits                                   ; Off                ; Off                ;
; Optimization Technique                                           ; Balanced           ; Balanced           ;
; Carry Chain Length                                               ; 70                 ; 70                 ;
; Auto Carry Chains                                                ; On                 ; On                 ;
; Auto Open-Drain Pins                                             ; On                 ; On                 ;
; Perform WYSIWYG Primitive Resynthesis                            ; Off                ; Off                ;
; Auto ROM Replacement                                             ; On                 ; On                 ;
; Auto RAM Replacement                                             ; On                 ; On                 ;
; Auto DSP Block Replacement                                       ; On                 ; On                 ;
; Auto Shift Register Replacement                                  ; Auto               ; Auto               ;
; Allow Shift Register Merging across Hierarchies                  ; Auto               ; Auto               ;
; Auto Clock Enable Replacement                                    ; On                 ; On                 ;
; Strict RAM Replacement                                           ; Off                ; Off                ;
; Allow Synchronous Control Signals                                ; On                 ; On                 ;
; Force Use of Synchronous Clear Signals                           ; Off                ; Off                ;
; Auto RAM Block Balancing                                         ; On                 ; On                 ;
; Auto RAM to Logic Cell Conversion                                ; Off                ; Off                ;
; Auto Resource Sharing                                            ; Off                ; Off                ;
; Allow Any RAM Size For Recognition                               ; Off                ; Off                ;
; Allow Any ROM Size For Recognition                               ; Off                ; Off                ;
; Allow Any Shift Register Size For Recognition                    ; Off                ; Off                ;
; Use LogicLock Constraints during Resource Balancing              ; On                 ; On                 ;
; Ignore translate_off and synthesis_off directives                ; Off                ; Off                ;
; Timing-Driven Synthesis                                          ; On                 ; On                 ;
; Report Parameter Settings                                        ; On                 ; On                 ;
; Report Source Assignments                                        ; On                 ; On                 ;
; Report Connectivity Checks                                       ; On                 ; On                 ;
; Ignore Maximum Fan-Out Assignments                               ; Off                ; Off                ;
; Synchronization Register Chain Length                            ; 2                  ; 2                  ;
; Power Optimization During Synthesis                              ; Normal compilation ; Normal compilation ;
; HDL message level                                                ; Level2             ; Level2             ;
; Suppress Register Optimization Related Messages                  ; Off                ; Off                ;
; Number of Removed Registers Reported in Synthesis Report         ; 5000               ; 5000               ;
; Number of Swept Nodes Reported in Synthesis Report               ; 5000               ; 5000               ;
; Number of Inverted Registers Reported in Synthesis Report        ; 100                ; 100                ;
; Clock MUX Protection                                             ; On                 ; On                 ;
; Auto Gated Clock Conversion                                      ; Off                ; Off                ;
; Block Design Naming                                              ; Auto               ; Auto               ;
; SDC constraint protection                                        ; Off                ; Off                ;
; Synthesis Effort                                                 ; Auto               ; Auto               ;
; Shift Register Replacement - Allow Asynchronous Clear Signal     ; On                 ; On                 ;
; Pre-Mapping Resynthesis Optimization                             ; Off                ; Off                ;
; Analysis & Synthesis Message Level                               ; Medium             ; Medium             ;
; Disable Register Merging Across Hierarchies                      ; Auto               ; Auto               ;
; Resource Aware Inference For Block RAM                           ; On                 ; On                 ;
+------------------------------------------------------------------+--------------------+--------------------+


+------------------------------------------+
; Parallel Compilation                     ;
+----------------------------+-------------+
; Processors                 ; Number      ;
+----------------------------+-------------+
; Number detected on machine ; 12          ;
; Maximum allowed            ; 6           ;
;                            ;             ;
; Average used               ; 1.00        ;
; Maximum used               ; 6           ;
;                            ;             ;
; Usage by Processor         ; % Time Used ;
;     Processor 1            ; 100.0%      ;
;     Processors 2-6         ;   0.0%      ;
+----------------------------+-------------+


+----------------------------------------------------------------------------------------------------------------------------------------------------------------------------------------------------------------------------------------------------------------------+
; Analysis & Synthesis Source Files Read                                                                                                                                                                                                                               ;
+-----------------------------------------------------------------------------------------------+-----------------+------------------------------------------+-----------------------------------------------------------------------------------------------+---------+
; File Name with User-Entered Path                                                              ; Used in Netlist ; File Type                                ; File Name with Absolute Path                                                                  ; Library ;
+-----------------------------------------------------------------------------------------------+-----------------+------------------------------------------+-----------------------------------------------------------------------------------------------+---------+
; C:/Users/Adrian/Desktop/Proiect Cronometru Olteanu Ioan-Ioachim 6305/Decodificator36.bdf      ; yes             ; User Block Diagram/Schematic File        ; C:/Users/Adrian/Desktop/Proiect Cronometru Olteanu Ioan-Ioachim 6305/Decodificator36.bdf      ;         ;
; C:/Users/Adrian/Desktop/Proiect Cronometru Olteanu Ioan-Ioachim 6305/DecodificatorBCDAnod.bdf ; yes             ; User Block Diagram/Schematic File        ; C:/Users/Adrian/Desktop/Proiect Cronometru Olteanu Ioan-Ioachim 6305/DecodificatorBCDAnod.bdf ;         ;
; AfisareMux.bdf                                                                                ; yes             ; User Block Diagram/Schematic File        ; D:/FACULTATE/cncn/FarcasAdrianProiectCn/AfisareMux.bdf                                        ;         ;
; Numarator invers/numinvers10/numinvers10.bdf                                                  ; yes             ; User Block Diagram/Schematic File        ; D:/FACULTATE/cncn/FarcasAdrianProiectCn/Numarator invers/numinvers10/numinvers10.bdf          ;         ;
; Numarator invers/Numarator 6/num6invers.bdf                                                   ; yes             ; User Block Diagram/Schematic File        ; D:/FACULTATE/cncn/FarcasAdrianProiectCn/Numarator invers/Numarator 6/num6invers.bdf           ;         ;
; Numarator invers/numaratorminute/numaratorminute.bdf                                          ; yes             ; User Block Diagram/Schematic File        ; D:/FACULTATE/cncn/FarcasAdrianProiectCn/Numarator invers/numaratorminute/numaratorminute.bdf  ;         ;
; Numarator invers/numaratorinvers.bdf                                                          ; yes             ; User Block Diagram/Schematic File        ; D:/FACULTATE/cncn/FarcasAdrianProiectCn/Numarator invers/numaratorinvers.bdf                  ;         ;
; Mux21/Mux21.bdf                                                                               ; yes             ; User Block Diagram/Schematic File        ; D:/FACULTATE/cncn/FarcasAdrianProiectCn/Mux21/Mux21.bdf                                       ;         ;
; CRONOMETRUINVERS.bdf                                                                          ; yes             ; User Block Diagram/Schematic File        ; D:/FACULTATE/cncn/FarcasAdrianProiectCn/CRONOMETRUINVERS.bdf                                  ;         ;
; 81mux.tdf                                                                                     ; yes             ; Megafunction                             ; c:/intelfpga/23.1std/quartus/libraries/others/maxplus2/81mux.tdf                              ;         ;
; aglobal.inc                                                                                   ; yes             ; Megafunction                             ; c:/intelfpga/23.1std/quartus/libraries/megafunctions/aglobal.inc                              ;         ;
; f81mux.bdf                                                                                    ; yes             ; Megafunction                             ; c:/intelfpga/23.1std/quartus/libraries/others/maxplus2/f81mux.bdf                             ;         ;
; numaratormodulo5.bdf                                                                          ; yes             ; Auto-Found Block Diagram/Schematic File  ; D:/FACULTATE/cncn/FarcasAdrianProiectCn/numaratormodulo5.bdf                                  ;         ;
+-----------------------------------------------------------------------------------------------+-----------------+------------------------------------------+-----------------------------------------------------------------------------------------------+---------+


+----------------------------------------------------------------------------------------------+
; Analysis & Synthesis Resource Usage Summary                                                  ;
+---------------------------------------------+------------------------------------------------+
; Resource                                    ; Usage                                          ;
+---------------------------------------------+------------------------------------------------+
; Estimated Total logic elements              ; 66                                             ;
;                                             ;                                                ;
; Total combinational functions               ; 66                                             ;
; Logic element usage by number of LUT inputs ;                                                ;
;     -- 4 input functions                    ; 39                                             ;
;     -- 3 input functions                    ; 15                                             ;
;     -- <=2 input functions                  ; 12                                             ;
;                                             ;                                                ;
; Logic elements by mode                      ;                                                ;
;     -- normal mode                          ; 66                                             ;
;     -- arithmetic mode                      ; 0                                              ;
;                                             ;                                                ;
; Total registers                             ; 21                                             ;
;     -- Dedicated logic registers            ; 21                                             ;
;     -- I/O registers                        ; 0                                              ;
;                                             ;                                                ;
; I/O pins                                    ; 38                                             ;
;                                             ;                                                ;
; Embedded Multiplier 9-bit elements          ; 0                                              ;
;                                             ;                                                ;
; Maximum fan-out node                        ; numaratorinvers:inst4|numinvers10:inst|inst3~1 ;
; Maximum fan-out                             ; 21                                             ;
; Total fan-out                               ; 353                                            ;
; Average fan-out                             ; 2.17                                           ;
+---------------------------------------------+------------------------------------------------+


+---------------------------------------------------------------------------------------------------------------------------------------------------------------------------------------------------------------------------------------------------------------------+
; Analysis & Synthesis Resource Utilization by Entity                                                                                                                                                                                                                 ;
+------------------------------------+---------------------+---------------------------+-------------+--------------+---------+-----------+------+--------------+---------------------------------------------------------------+----------------------+--------------+
; Compilation Hierarchy Node         ; Combinational ALUTs ; Dedicated Logic Registers ; Memory Bits ; DSP Elements ; DSP 9x9 ; DSP 18x18 ; Pins ; Virtual Pins ; Full Hierarchy Name                                           ; Entity Name          ; Library Name ;
+------------------------------------+---------------------+---------------------------+-------------+--------------+---------+-----------+------+--------------+---------------------------------------------------------------+----------------------+--------------+
; |CRONOMETRUINVERS                  ; 66 (1)              ; 21 (0)                    ; 0           ; 0            ; 0       ; 0         ; 38   ; 0            ; |CRONOMETRUINVERS                                             ; CRONOMETRUINVERS     ; work         ;
;    |AfisareMux:inst3|              ; 26 (0)              ; 3 (0)                     ; 0           ; 0            ; 0       ; 0         ; 0    ; 0            ; |CRONOMETRUINVERS|AfisareMux:inst3                            ; AfisareMux           ; work         ;
;       |81mux:inst1|                ; 3 (0)               ; 0 (0)                     ; 0           ; 0            ; 0       ; 0         ; 0    ; 0            ; |CRONOMETRUINVERS|AfisareMux:inst3|81mux:inst1                ; 81mux                ; work         ;
;          |f81mux:sub|              ; 3 (3)               ; 0 (0)                     ; 0           ; 0            ; 0       ; 0         ; 0    ; 0            ; |CRONOMETRUINVERS|AfisareMux:inst3|81mux:inst1|f81mux:sub     ; f81mux               ; work         ;
;       |81mux:inst2|                ; 3 (0)               ; 0 (0)                     ; 0           ; 0            ; 0       ; 0         ; 0    ; 0            ; |CRONOMETRUINVERS|AfisareMux:inst3|81mux:inst2                ; 81mux                ; work         ;
;          |f81mux:sub|              ; 3 (3)               ; 0 (0)                     ; 0           ; 0            ; 0       ; 0         ; 0    ; 0            ; |CRONOMETRUINVERS|AfisareMux:inst3|81mux:inst2|f81mux:sub     ; f81mux               ; work         ;
;       |81mux:inst3|                ; 3 (0)               ; 0 (0)                     ; 0           ; 0            ; 0       ; 0         ; 0    ; 0            ; |CRONOMETRUINVERS|AfisareMux:inst3|81mux:inst3                ; 81mux                ; work         ;
;          |f81mux:sub|              ; 3 (3)               ; 0 (0)                     ; 0           ; 0            ; 0       ; 0         ; 0    ; 0            ; |CRONOMETRUINVERS|AfisareMux:inst3|81mux:inst3|f81mux:sub     ; f81mux               ; work         ;
;       |Decodificator36:inst39|     ; 6 (6)               ; 0 (0)                     ; 0           ; 0            ; 0       ; 0         ; 0    ; 0            ; |CRONOMETRUINVERS|AfisareMux:inst3|Decodificator36:inst39     ; Decodificator36      ; work         ;
;       |DecodificatorBCDAnod:inst5| ; 10 (10)             ; 0 (0)                     ; 0           ; 0            ; 0       ; 0         ; 0    ; 0            ; |CRONOMETRUINVERS|AfisareMux:inst3|DecodificatorBCDAnod:inst5 ; DecodificatorBCDAnod ; work         ;
;       |Numaratormodulo5:inst4|     ; 1 (1)               ; 3 (3)                     ; 0           ; 0            ; 0       ; 0         ; 0    ; 0            ; |CRONOMETRUINVERS|AfisareMux:inst3|Numaratormodulo5:inst4     ; Numaratormodulo5     ; work         ;
;    |numaratorinvers:inst4|         ; 24 (4)              ; 11 (0)                    ; 0           ; 0            ; 0       ; 0         ; 0    ; 0            ; |CRONOMETRUINVERS|numaratorinvers:inst4                       ; numaratorinvers      ; work         ;
;       |Mux21:inst13|               ; 1 (1)               ; 0 (0)                     ; 0           ; 0            ; 0       ; 0         ; 0    ; 0            ; |CRONOMETRUINVERS|numaratorinvers:inst4|Mux21:inst13          ; Mux21                ; work         ;
;       |num6invers:inst2|           ; 5 (5)               ; 3 (3)                     ; 0           ; 0            ; 0       ; 0         ; 0    ; 0            ; |CRONOMETRUINVERS|numaratorinvers:inst4|num6invers:inst2      ; num6invers           ; work         ;
;       |numinvers10:inst1|          ; 6 (6)               ; 4 (4)                     ; 0           ; 0            ; 0       ; 0         ; 0    ; 0            ; |CRONOMETRUINVERS|numaratorinvers:inst4|numinvers10:inst1     ; numinvers10          ; work         ;
;       |numinvers10:inst|           ; 8 (8)               ; 4 (4)                     ; 0           ; 0            ; 0       ; 0         ; 0    ; 0            ; |CRONOMETRUINVERS|numaratorinvers:inst4|numinvers10:inst      ; numinvers10          ; work         ;
;    |numaratorminute:inst|          ; 15 (2)              ; 7 (0)                     ; 0           ; 0            ; 0       ; 0         ; 0    ; 0            ; |CRONOMETRUINVERS|numaratorminute:inst                        ; numaratorminute      ; work         ;
;       |Mux21:inst2|                ; 1 (1)               ; 0 (0)                     ; 0           ; 0            ; 0       ; 0         ; 0    ; 0            ; |CRONOMETRUINVERS|numaratorminute:inst|Mux21:inst2            ; Mux21                ; work         ;
;       |Mux21:inst3|                ; 1 (1)               ; 0 (0)                     ; 0           ; 0            ; 0       ; 0         ; 0    ; 0            ; |CRONOMETRUINVERS|numaratorminute:inst|Mux21:inst3            ; Mux21                ; work         ;
;       |num6invers:inst|            ; 5 (5)               ; 3 (3)                     ; 0           ; 0            ; 0       ; 0         ; 0    ; 0            ; |CRONOMETRUINVERS|numaratorminute:inst|num6invers:inst        ; num6invers           ; work         ;
;       |numinvers10:inst1|          ; 6 (6)               ; 4 (4)                     ; 0           ; 0            ; 0       ; 0         ; 0    ; 0            ; |CRONOMETRUINVERS|numaratorminute:inst|numinvers10:inst1      ; numinvers10          ; work         ;
+------------------------------------+---------------------+---------------------------+-------------+--------------+---------+-----------+------+--------------+---------------------------------------------------------------+----------------------+--------------+
Note: For table entries with two numbers listed, the numbers in parentheses indicate the number of resources of the given type used by the specific entity alone. The numbers listed outside of parentheses indicate the total resources of the given type used by the specific entity and all of its sub-entities in the hierarchy.


+------------------------------------------------------+
; General Register Statistics                          ;
+----------------------------------------------+-------+
; Statistic                                    ; Value ;
+----------------------------------------------+-------+
; Total registers                              ; 21    ;
; Number of registers using Synchronous Clear  ; 0     ;
; Number of registers using Synchronous Load   ; 0     ;
; Number of registers using Asynchronous Clear ; 18    ;
; Number of registers using Asynchronous Load  ; 0     ;
; Number of registers using Clock Enable       ; 0     ;
; Number of registers using Preset             ; 0     ;
+----------------------------------------------+-------+


+----------------------------------------------------------------------------------------------------------------------------------------------------------------------------+
; Multiplexer Restructuring Statistics (Restructuring Performed)                                                                                                             ;
+--------------------+-----------+---------------+----------------------+------------------------+------------+--------------------------------------------------------------+
; Multiplexer Inputs ; Bus Width ; Baseline Area ; Area if Restructured ; Saving if Restructured ; Registered ; Example Multiplexer Output                                   ;
+--------------------+-----------+---------------+----------------------+------------------------+------------+--------------------------------------------------------------+
; 5:1                ; 3 bits    ; 9 LEs         ; 9 LEs                ; 0 LEs                  ; No         ; |CRONOMETRUINVERS|AfisareMux:inst3|81mux:inst1|f81mux:sub|81 ;
+--------------------+-----------+---------------+----------------------+------------------------+------------+--------------------------------------------------------------+


+--------------------------------------------------------------------------+
; Parameter Settings for User Entity Instance: AfisareMux:inst3|81mux:inst ;
+------------------------+--------------+----------------------------------+
; Parameter Name         ; Value        ; Type                             ;
+------------------------+--------------+----------------------------------+
; DEVICE_FAMILY          ; Cyclone IV E ; Untyped                          ;
; AUTO_CARRY_CHAINS      ; ON           ; AUTO_CARRY                       ;
; IGNORE_CARRY_BUFFERS   ; OFF          ; IGNORE_CARRY                     ;
; AUTO_CASCADE_CHAINS    ; ON           ; AUTO_CASCADE                     ;
; IGNORE_CASCADE_BUFFERS ; OFF          ; IGNORE_CASCADE                   ;
+------------------------+--------------+----------------------------------+
Note: In order to hide this table in the UI and the text report file, please set the "Show Parameter Settings in Synthesis Report" option in "Analysis and Synthesis Settings -> More Settings" to "Off".


+---------------------------------------------------------------------------+
; Parameter Settings for User Entity Instance: AfisareMux:inst3|81mux:inst1 ;
+------------------------+--------------+-----------------------------------+
; Parameter Name         ; Value        ; Type                              ;
+------------------------+--------------+-----------------------------------+
; DEVICE_FAMILY          ; Cyclone IV E ; Untyped                           ;
; AUTO_CARRY_CHAINS      ; ON           ; AUTO_CARRY                        ;
; IGNORE_CARRY_BUFFERS   ; OFF          ; IGNORE_CARRY                      ;
; AUTO_CASCADE_CHAINS    ; ON           ; AUTO_CASCADE                      ;
; IGNORE_CASCADE_BUFFERS ; OFF          ; IGNORE_CASCADE                    ;
+------------------------+--------------+-----------------------------------+
Note: In order to hide this table in the UI and the text report file, please set the "Show Parameter Settings in Synthesis Report" option in "Analysis and Synthesis Settings -> More Settings" to "Off".


+---------------------------------------------------------------------------+
; Parameter Settings for User Entity Instance: AfisareMux:inst3|81mux:inst2 ;
+------------------------+--------------+-----------------------------------+
; Parameter Name         ; Value        ; Type                              ;
+------------------------+--------------+-----------------------------------+
; DEVICE_FAMILY          ; Cyclone IV E ; Untyped                           ;
; AUTO_CARRY_CHAINS      ; ON           ; AUTO_CARRY                        ;
; IGNORE_CARRY_BUFFERS   ; OFF          ; IGNORE_CARRY                      ;
; AUTO_CASCADE_CHAINS    ; ON           ; AUTO_CASCADE                      ;
; IGNORE_CASCADE_BUFFERS ; OFF          ; IGNORE_CASCADE                    ;
+------------------------+--------------+-----------------------------------+
Note: In order to hide this table in the UI and the text report file, please set the "Show Parameter Settings in Synthesis Report" option in "Analysis and Synthesis Settings -> More Settings" to "Off".


+---------------------------------------------------------------------------+
; Parameter Settings for User Entity Instance: AfisareMux:inst3|81mux:inst3 ;
+------------------------+--------------+-----------------------------------+
; Parameter Name         ; Value        ; Type                              ;
+------------------------+--------------+-----------------------------------+
; DEVICE_FAMILY          ; Cyclone IV E ; Untyped                           ;
; AUTO_CARRY_CHAINS      ; ON           ; AUTO_CARRY                        ;
; IGNORE_CARRY_BUFFERS   ; OFF          ; IGNORE_CARRY                      ;
; AUTO_CASCADE_CHAINS    ; ON           ; AUTO_CASCADE                      ;
; IGNORE_CASCADE_BUFFERS ; OFF          ; IGNORE_CASCADE                    ;
+------------------------+--------------+-----------------------------------+
Note: In order to hide this table in the UI and the text report file, please set the "Show Parameter Settings in Synthesis Report" option in "Analysis and Synthesis Settings -> More Settings" to "Off".


+-----------------------------------------------------+
; Post-Synthesis Netlist Statistics for Top Partition ;
+-----------------------+-----------------------------+
; Type                  ; Count                       ;
+-----------------------+-----------------------------+
; boundary_port         ; 38                          ;
; cycloneiii_ff         ; 21                          ;
;     CLR               ; 18                          ;
;     plain             ; 3                           ;
; cycloneiii_lcell_comb ; 66                          ;
;     normal            ; 66                          ;
;         2 data inputs ; 12                          ;
;         3 data inputs ; 15                          ;
;         4 data inputs ; 39                          ;
;                       ;                             ;
; Max LUT depth         ; 5.00                        ;
; Average LUT depth     ; 3.29                        ;
+-----------------------+-----------------------------+


+-------------------------------+
; Elapsed Time Per Partition    ;
+----------------+--------------+
; Partition Name ; Elapsed Time ;
+----------------+--------------+
; Top            ; 00:00:00     ;
+----------------+--------------+


+-------------------------------+
; Analysis & Synthesis Messages ;
+-------------------------------+
Info: *******************************************************************
Info: Running Quartus Prime Analysis & Synthesis
    Info: Version 23.1std.0 Build 991 11/28/2023 SC Standard Edition
    Info: Processing started: Tue May 21 09:28:35 2024
Info: Command: quartus_map --read_settings_files=on --write_settings_files=off CRONOMETRUINVERS -c CRONOMETRUINVERS
Warning (18236): Number of processors has not been specified which may cause overloading on shared machines.  Set the global assignment NUM_PARALLEL_PROCESSORS in your QSF to an appropriate value for best performance.
Info (20030): Parallel compilation is enabled and will use 6 of the 6 processors detected
Info (12021): Found 1 design units, including 1 entities, in source file c:/users/adrian/desktop/proiect cronometru olteanu ioan-ioachim 6305/decodificator36.bdf
    Info (12023): Found entity 1: Decodificator36
Info (12021): Found 1 design units, including 1 entities, in source file c:/users/adrian/desktop/proiect cronometru olteanu ioan-ioachim 6305/decodificatorbcdanod.bdf
    Info (12023): Found entity 1: DecodificatorBCDAnod
Info (12021): Found 1 design units, including 1 entities, in source file afisaremux.bdf
    Info (12023): Found entity 1: AfisareMux
Info (12021): Found 1 design units, including 1 entities, in source file numarator invers/numinvers10/numinvers10.bdf
    Info (12023): Found entity 1: numinvers10
Info (12021): Found 1 design units, including 1 entities, in source file divizor frecventa/div11/divizor11.bdf
    Info (12023): Found entity 1: divizor11
Info (12021): Found 1 design units, including 1 entities, in source file divizor frecventa/divizor10/div10.bdf
    Info (12023): Found entity 1: div10
Info (12021): Found 1 design units, including 1 entities, in source file numarator invers/numarator 6/num6invers.bdf
    Info (12023): Found entity 1: num6invers
Info (12021): Found 1 design units, including 1 entities, in source file numarator invers/numaratorminute/numaratorminute.bdf
    Info (12023): Found entity 1: numaratorminute
Info (12021): Found 1 design units, including 1 entities, in source file db/bcd7segmente/bcd7segmenteanod.bdf
    Info (12023): Found entity 1: BCD7SEGMENTEANOD
Info (12021): Found 1 design units, including 1 entities, in source file numarator invers/numaratorsecunde.bdf
    Info (12023): Found entity 1: numaratorsecunde
Info (12021): Found 1 design units, including 1 entities, in source file numarator invers/numaratorinvers.bdf
    Info (12023): Found entity 1: numaratorinvers
Info (12021): Found 1 design units, including 1 entities, in source file numarator 10/numaratormodulo10.bdf
    Info (12023): Found entity 1: numaratormodulo10
Info (12021): Found 1 design units, including 1 entities, in source file numarator 7/numarator7.bdf
    Info (12023): Found entity 1: numarator7
Info (12021): Found 1 design units, including 1 entities, in source file mux21/mux21.bdf
    Info (12023): Found entity 1: Mux21
Info (12021): Found 1 design units, including 1 entities, in source file divizor frecventa/divizorfrecventa.bdf
    Info (12023): Found entity 1: divizorfrecventa
Info (12021): Found 1 design units, including 1 entities, in source file numarator3/numarator3.bdf
    Info (12023): Found entity 1: numarator3
Info (12021): Found 1 design units, including 1 entities, in source file numarator3/divizor3.bdf
    Info (12023): Found entity 1: divizor3
Info (12021): Found 1 design units, including 1 entities, in source file cronometruinvers.bdf
    Info (12023): Found entity 1: CRONOMETRUINVERS
Info (12127): Elaborating entity "CRONOMETRUINVERS" for the top level hierarchy
Info (12128): Elaborating entity "AfisareMux" for hierarchy "AfisareMux:inst3"
Warning (275008): Primitive "GND" of instance "inst6" not used
Info (12128): Elaborating entity "DecodificatorBCDAnod" for hierarchy "AfisareMux:inst3|DecodificatorBCDAnod:inst5"
Info (12128): Elaborating entity "81mux" for hierarchy "AfisareMux:inst3|81mux:inst"
Info (12130): Elaborated megafunction instantiation "AfisareMux:inst3|81mux:inst"
Info (12128): Elaborating entity "f81mux" for hierarchy "AfisareMux:inst3|81mux:inst|f81mux:sub" File: c:/intelfpga/23.1std/quartus/libraries/others/maxplus2/81mux.tdf Line: 35
Info (12131): Elaborated megafunction instantiation "AfisareMux:inst3|81mux:inst|f81mux:sub", which is child of megafunction instantiation "AfisareMux:inst3|81mux:inst" File: c:/intelfpga/23.1std/quartus/libraries/others/maxplus2/81mux.tdf Line: 35
Warning (12125): Using design file numaratormodulo5.bdf, which is not specified as a design file for the current project, but contains definitions for 1 design units and 1 entities in project
    Info (12023): Found entity 1: Numaratormodulo5
Info (12128): Elaborating entity "Numaratormodulo5" for hierarchy "AfisareMux:inst3|Numaratormodulo5:inst4"
Info (12128): Elaborating entity "Decodificator36" for hierarchy "AfisareMux:inst3|Decodificator36:inst39"
Info (12128): Elaborating entity "numaratorinvers" for hierarchy "numaratorinvers:inst4"
Warning (275011): Block or symbol "NOT" of instance "inst4" overlaps another block or symbol
Warning (275011): Block or symbol "NOT" of instance "inst6" overlaps another block or symbol
Warning (275011): Block or symbol "NOT" of instance "inst9" overlaps another block or symbol
Warning (275011): Block or symbol "NOT" of instance "inst11" overlaps another block or symbol
Info (12128): Elaborating entity "numinvers10" for hierarchy "numaratorinvers:inst4|numinvers10:inst"
Info (12128): Elaborating entity "num6invers" for hierarchy "numaratorinvers:inst4|num6invers:inst2"
Info (12128): Elaborating entity "Mux21" for hierarchy "numaratorinvers:inst4|Mux21:inst13"
Info (12128): Elaborating entity "numaratorminute" for hierarchy "numaratorminute:inst"
Warning (275011): Block or symbol "NOT" of instance "inst7" overlaps another block or symbol
Info (13014): Ignored 4 buffer(s)
    Info (13017): Ignored 4 CASCADE buffer(s)
Warning (19016): Clock multiplexers are found and protected
    Warning (19017): Found clock multiplexer numaratorminute:inst|Mux21:inst2|inst5~0
    Warning (19017): Found clock multiplexer numaratorinvers:inst4|Mux21:inst13|inst5~0
    Warning (19017): Found clock multiplexer numaratorminute:inst|Mux21:inst3|inst5~0
Warning (13004): Presettable and clearable registers converted to equivalent circuits with latches. Registers power-up to an undefined state, and DEVCLRn places the registers in an undefined state.
    Warning (13310): Register "numaratorinvers:inst4|numinvers10:inst|inst3" is converted into an equivalent circuit using register "numaratorinvers:inst4|numinvers10:inst|inst3~_emulated" and latch "numaratorinvers:inst4|numinvers10:inst|inst3~1"
    Warning (13310): Register "numaratorinvers:inst4|numinvers10:inst1|inst3" is converted into an equivalent circuit using register "numaratorinvers:inst4|numinvers10:inst1|inst3~_emulated" and latch "numaratorinvers:inst4|numinvers10:inst|inst3~1"
    Warning (13310): Register "numaratorminute:inst|numinvers10:inst1|inst3" is converted into an equivalent circuit using register "numaratorminute:inst|numinvers10:inst1|inst3~_emulated" and latch "numaratorinvers:inst4|numinvers10:inst|inst3~1"
    Warning (13310): Register "numaratorinvers:inst4|num6invers:inst2|inst2" is converted into an equivalent circuit using register "numaratorinvers:inst4|num6invers:inst2|inst2~_emulated" and latch "numaratorinvers:inst4|numinvers10:inst|inst3~1"
    Warning (13310): Register "numaratorminute:inst|num6invers:inst|inst2" is converted into an equivalent circuit using register "numaratorminute:inst|num6invers:inst|inst2~_emulated" and latch "numaratorinvers:inst4|numinvers10:inst|inst3~1"
    Warning (13310): Register "numaratorinvers:inst4|numinvers10:inst1|inst" is converted into an equivalent circuit using register "numaratorinvers:inst4|numinvers10:inst1|inst~_emulated" and latch "numaratorinvers:inst4|numinvers10:inst|inst3~1"
    Warning (13310): Register "numaratorinvers:inst4|num6invers:inst2|inst" is converted into an equivalent circuit using register "numaratorinvers:inst4|num6invers:inst2|inst~_emulated" and latch "numaratorinvers:inst4|numinvers10:inst|inst3~1"
    Warning (13310): Register "numaratorinvers:inst4|numinvers10:inst|inst" is converted into an equivalent circuit using register "numaratorinvers:inst4|numinvers10:inst|inst~_emulated" and latch "numaratorinvers:inst4|numinvers10:inst|inst3~1"
    Warning (13310): Register "numaratorminute:inst|numinvers10:inst1|inst" is converted into an equivalent circuit using register "numaratorminute:inst|numinvers10:inst1|inst~_emulated" and latch "numaratorinvers:inst4|numinvers10:inst|inst3~1"
    Warning (13310): Register "numaratorminute:inst|num6invers:inst|inst" is converted into an equivalent circuit using register "numaratorminute:inst|num6invers:inst|inst~_emulated" and latch "numaratorinvers:inst4|numinvers10:inst|inst3~1"
Info (286030): Timing-Driven Synthesis is running
Info (16010): Generating hard_block partition "hard_block:auto_generated_inst"
    Info (16011): Adding 0 node(s), including 0 DDIO, 0 PLL, 0 transceiver and 0 LCELL
Info (21057): Implemented 105 device resources after synthesis - the final resource count might be different
    Info (21058): Implemented 8 input pins
    Info (21059): Implemented 30 output pins
    Info (21061): Implemented 67 logic cells
Info: Quartus Prime Analysis & Synthesis was successful. 0 errors, 23 warnings
    Info: Peak virtual memory: 4785 megabytes
    Info: Processing ended: Tue May 21 09:28:45 2024
    Info: Elapsed time: 00:00:10
    Info: Total CPU time (on all processors): 00:00:12


